SF:src\geoclient\__init__.py
DA:8,1
DA:9,1
DA:15,1
DA:24,1
DA:31,1
DA:32,1
DA:33,1
DA:35,1
LF:8
LH:8
end_of_record
SF:src\geoclient\batch_geocode.py
DA:2,1
DA:3,1
DA:4,1
DA:5,1
DA:6,1
DA:9,1
DA:21,1
DA:22,1
DA:23,1
DA:25,1
DA:26,1
DA:27,1
DA:32,1
DA:35,1
DA:51,1
DA:53,1
DA:54,1
DA:56,1
DA:57,1
DA:64,1
DA:83,1
DA:85,1
DA:103,1
DA:106,1
DA:107,0
DA:109,1
DA:112,1
DA:124,1
DA:125,1
DA:127,1
DA:128,1
DA:130,1
DA:132,1
DA:133,1
DA:136,1
DA:138,1
DA:139,1
DA:140,1
DA:142,1
DA:144,1
DA:145,1
DA:146,1
DA:147,1
DA:149,1
LF:44
LH:43
FN:9,32,load_addresses_from_csv
FNDA:1,load_addresses_from_csv
FN:35,109,batch_geocode_addresses
FNDA:1,batch_geocode_addresses
FN:112,133,geocode_csv
FNDA:1,geocode_csv
FN:136,149,save_results_to_csv
FNDA:1,save_results_to_csv
FNF:4
FNH:4
end_of_record
SF:src\geoclient\client.py
DA:3,1
DA:4,1
DA:5,1
DA:6,1
DA:8,1
DA:10,1
DA:16,1
DA:27,1
DA:39,1
DA:40,1
DA:42,1
DA:50,1
DA:51,1
DA:52,0
DA:57,1
DA:60,1
DA:61,0
DA:66,1
DA:67,1
DA:68,1
DA:71,1
DA:72,0
DA:74,1
DA:75,1
DA:81,1
DA:102,1
DA:105,1
DA:108,1
DA:109,1
DA:110,1
DA:111,1
DA:118,1
DA:119,1
DA:124,1
DA:125,1
DA:130,1
DA:131,1
DA:136,1
DA:137,0
DA:142,1
DA:144,0
DA:145,0
DA:146,0
DA:147,0
DA:152,1
DA:153,0
DA:160,1
DA:161,1
DA:162,1
DA:163,1
DA:166,1
DA:169,1
DA:171,1
DA:172,1
DA:173,1
DA:174,1
DA:175,1
DA:177,1
DA:180,1
DA:181,1
DA:183,0
DA:185,1
DA:196,1
DA:197,1
DA:198,0
DA:199,0
DA:200,0
DA:201,0
DA:204,1
DA:205,1
DA:206,1
DA:207,1
DA:208,1
DA:216,1
DA:217,1
DA:219,1
DA:220,0
DA:221,0
DA:222,0
DA:229,1
DA:230,0
DA:231,0
DA:232,0
DA:239,1
DA:252,1
DA:266,1
DA:267,1
DA:268,1
DA:269,1
DA:271,1
DA:273,1
DA:300,1
DA:301,1
DA:303,1
DA:304,1
DA:306,1
DA:311,1
DA:312,1
DA:313,1
DA:314,1
DA:316,1
DA:318,1
DA:338,1
DA:339,1
DA:341,1
DA:347,1
DA:349,1
DA:367,1
DA:368,1
DA:370,1
DA:372,1
DA:374,1
DA:409,1
DA:410,0
DA:412,1
DA:413,0
DA:415,1
DA:422,1
DA:423,0
DA:424,1
DA:425,0
DA:426,1
DA:427,0
DA:429,1
DA:431,1
DA:460,1
DA:461,0
DA:463,1
DA:464,0
DA:466,1
DA:472,1
DA:473,0
DA:474,1
DA:475,0
DA:477,1
DA:479,1
DA:504,1
DA:505,0
DA:507,1
DA:508,0
DA:510,1
DA:512,1
DA:513,1
DA:514,1
DA:515,1
DA:517,1
DA:519,1
DA:564,1
DA:565,1
DA:567,1
DA:569,1
DA:570,1
DA:571,1
DA:572,1
DA:573,1
DA:574,1
DA:575,1
DA:576,1
DA:577,1
DA:578,0
DA:579,1
DA:580,0
DA:581,1
DA:582,1
DA:583,1
DA:584,1
DA:585,0
DA:586,1
DA:588,1
DA:590,1
DA:620,1
DA:621,0
DA:623,1
DA:624,0
DA:626,1
DA:631,1
DA:632,1
DA:633,1
DA:634,0
DA:636,1
DA:638,1
DA:640,1
DA:642,1
DA:644,1
DA:646,1
DA:648,1
LF:186
LH:149
FN:42,79,GeoClient.__init__
FNDA:1,GeoClient.__init__
FN:81,183,GeoClient._make_request
FNDA:1,GeoClient._make_request
FN:185,237,GeoClient._check_geosupport_errors
FNDA:1,GeoClient._check_geosupport_errors
FN:239,271,GeoClient._validate_borough
FNDA:1,GeoClient._validate_borough
FN:273,316,GeoClient.address
FNDA:1,GeoClient.address
FN:318,347,GeoClient.bbl
FNDA:1,GeoClient.bbl
FN:349,372,GeoClient.bin_
FNDA:1,GeoClient.bin_
FN:374,429,GeoClient.blockface
FNDA:1,GeoClient.blockface
FN:431,477,GeoClient.intersection
FNDA:1,GeoClient.intersection
FN:479,517,GeoClient.place
FNDA:1,GeoClient.place
FN:519,588,GeoClient.search
FNDA:1,GeoClient.search
FN:590,636,GeoClient.get_cross_streets_from_address
FNDA:1,GeoClient.get_cross_streets_from_address
FN:638,640,GeoClient.close
FNDA:1,GeoClient.close
FN:642,644,GeoClient.__enter__
FNDA:1,GeoClient.__enter__
FN:646,648,GeoClient.__exit__
FNDA:1,GeoClient.__exit__
FNF:15
FNH:15
end_of_record
SF:src\geoclient\exceptions.py
DA:3,1
DA:6,1
DA:9,1
DA:10,1
DA:11,1
DA:12,1
DA:15,1
DA:18,1
DA:25,1
DA:26,1
DA:27,1
DA:30,1
DA:32,1
DA:39,1
DA:42,1
DA:45,1
DA:52,1
DA:53,1
DA:54,1
LF:19
LH:19
FN:9,12,GeoClientError.__init__
FNDA:1,GeoClientError.__init__
FN:18,27,GeoClientHTTPError.__init__
FNDA:1,GeoClientHTTPError.__init__
FN:32,39,GeoClientAuthError.__init__
FNDA:1,GeoClientAuthError.__init__
FN:45,54,GeoClientAPIError.__init__
FNDA:1,GeoClientAPIError.__init__
FNF:4
FNH:4
end_of_record
SF:src\geoclient\models.py
DA:3,1
DA:4,1
DA:7,1
DA:8,1
DA:11,1
DA:13,1
DA:14,1
DA:16,0
DA:19,1
DA:20,1
DA:23,1
DA:24,1
DA:25,1
DA:28,1
DA:29,1
DA:30,1
DA:31,1
DA:32,1
DA:33,1
DA:36,1
DA:37,1
DA:41,1
DA:42,1
DA:43,1
DA:44,1
DA:45,1
DA:48,1
DA:49,1
DA:50,1
DA:51,1
DA:54,1
DA:55,1
DA:56,1
DA:59,1
DA:60,1
DA:61,1
DA:64,1
DA:65,1
DA:68,1
DA:70,1
DA:71,1
DA:74,1
DA:75,0
DA:77,1
DA:79,1
DA:90,1
DA:113,1
DA:114,1
DA:117,1
DA:118,1
DA:119,1
DA:120,1
DA:121,1
DA:124,1
DA:125,1
DA:128,1
DA:129,1
DA:132,1
DA:133,1
DA:134,1
DA:135,1
DA:138,1
DA:140,1
DA:141,1
DA:144,1
DA:145,0
DA:147,1
DA:149,1
DA:155,1
DA:174,1
DA:175,1
DA:178,1
DA:179,1
DA:182,1
DA:183,1
DA:184,1
DA:185,1
DA:188,1
DA:189,1
DA:190,1
DA:191,1
DA:194,1
DA:196,1
DA:197,1
DA:200,1
DA:201,0
DA:203,1
DA:205,1
DA:211,1
DA:227,1
DA:228,1
DA:231,1
DA:232,1
DA:233,1
DA:234,1
DA:237,1
DA:238,1
DA:239,1
DA:240,1
DA:243,1
DA:244,1
DA:247,1
DA:249,1
DA:250,1
DA:252,1
DA:258,1
DA:274,1
DA:275,1
DA:278,1
DA:279,1
DA:280,1
DA:283,1
DA:284,1
DA:285,1
DA:286,1
DA:289,1
DA:291,1
DA:292,1
DA:294,1
DA:300,1
DA:313,1
DA:314,1
DA:317,1
DA:320,1
DA:321,1
DA:322,1
DA:323,1
DA:324,1
DA:327,1
DA:328,1
DA:329,1
DA:330,1
DA:333,1
DA:334,1
DA:337,1
DA:339,1
DA:340,1
DA:342,1
DA:343,0
DA:345,1
DA:347,1
DA:358,1
DA:376,1
DA:377,1
DA:380,1
DA:381,1
DA:382,1
DA:383,1
DA:385,1
DA:386,1
DA:388,1
DA:396,1
DA:397,1
DA:400,1
DA:401,1
DA:404,1
DA:405,1
DA:407,1
DA:408,1
DA:410,1
DA:411,1
DA:412,1
DA:413,1
DA:415,1
DA:424,1
DA:426,1
DA:427,1
DA:428,1
DA:429,1
DA:430,1
DA:431,1
DA:434,1
DA:436,1
DA:437,1
DA:438,1
DA:440,1
DA:441,1
DA:442,1
DA:444,1
DA:445,1
DA:446,1
DA:448,1
DA:449,1
DA:450,1
LF:184
LH:179
FN:14,16,BaseResponse.from_dict
FNDA:0,BaseResponse.from_dict
FN:71,110,AddressResponse.from_dict
FNDA:1,AddressResponse.from_dict
FN:141,171,BBLResponse.from_dict
FNDA:1,BBLResponse.from_dict
FN:197,224,BINResponse.from_dict
FNDA:1,BINResponse.from_dict
FN:250,271,BlockfaceResponse.from_dict
FNDA:1,BlockfaceResponse.from_dict
FN:292,310,IntersectionResponse.from_dict
FNDA:1,IntersectionResponse.from_dict
FN:340,373,PlaceResponse.from_dict
FNDA:1,PlaceResponse.from_dict
FN:386,393,SearchResult.from_dict
FNDA:1,SearchResult.from_dict
FN:408,421,SearchResponse.from_dict
FNDA:1,SearchResponse.from_dict
FN:424,431,_safe_float
FNDA:1,_safe_float
FN:434,450,_safe_int
FNDA:1,_safe_int
FNF:11
FNH:10
end_of_record
SF:tests\__init__.py
end_of_record
SF:tests\conftest.py
DA:3,1
DA:4,1
DA:5,1
DA:8,1
DA:10,1
DA:15,1
DA:16,1
DA:18,0
DA:19,0
DA:20,0
DA:21,0
DA:40,0
DA:43,1
DA:44,1
DA:46,0
DA:47,0
DA:48,0
DA:49,0
DA:54,0
DA:57,1
DA:58,1
DA:60,0
DA:61,0
DA:62,0
DA:63,0
DA:64,0
DA:67,1
DA:68,1
DA:70,0
DA:84,1
DA:85,1
DA:87,0
DA:101,1
DA:102,1
DA:104,0
LF:35
LH:17
FN:8,12,pytest_configure
FNDA:1,pytest_configure
FN:16,40,mock_successful_response
FNDA:0,mock_successful_response
FN:44,54,mock_error_response
FNDA:0,mock_error_response
FN:58,64,mock_http_error
FNDA:0,mock_http_error
FN:68,81,sample_address_data
FNDA:0,sample_address_data
FN:85,98,sample_bbl_data
FNDA:0,sample_bbl_data
FN:102,128,sample_search_data
FNDA:0,sample_search_data
FNF:7
FNH:1
end_of_record
SF:tests\test_batch_geocode.py
DA:3,1
DA:4,1
DA:5,1
DA:6,1
DA:8,1
DA:10,1
DA:16,1
DA:19,1
DA:22,1
DA:23,1
DA:24,1
DA:30,1
DA:31,1
DA:32,1
DA:33,1
DA:35,1
DA:36,1
DA:37,1
DA:42,1
DA:43,1
DA:44,1
DA:46,1
DA:47,1
DA:48,1
DA:53,1
DA:54,1
DA:56,1
DA:57,1
DA:58,1
DA:63,1
DA:64,1
DA:66,1
DA:67,1
DA:68,1
DA:69,1
DA:70,1
DA:72,1
DA:73,1
DA:74,1
DA:79,1
DA:80,1
DA:83,1
DA:86,1
DA:88,1
DA:89,1
DA:90,1
DA:92,1
DA:93,1
DA:107,1
DA:108,1
DA:109,1
DA:110,1
DA:111,1
DA:113,1
DA:114,1
DA:118,1
DA:119,1
DA:121,1
DA:122,1
DA:123,1
DA:124,1
DA:125,1
DA:126,1
DA:127,1
DA:128,1
DA:130,1
DA:131,1
DA:135,1
DA:139,1
DA:141,1
DA:142,1
DA:143,1
DA:144,1
DA:145,1
DA:146,1
DA:147,1
DA:148,1
DA:150,1
DA:151,1
DA:154,1
DA:156,1
DA:157,1
DA:158,1
DA:160,1
DA:161,1
DA:162,1
DA:163,1
DA:164,1
DA:166,1
DA:168,1
DA:172,1
DA:173,1
DA:175,1
DA:176,1
DA:179,1
DA:182,1
DA:183,1
DA:184,1
DA:188,1
DA:190,1
DA:191,1
DA:192,1
DA:193,1
DA:194,1
DA:196,1
DA:197,1
DA:198,1
DA:199,1
DA:200,1
DA:203,1
DA:206,1
DA:208,1
DA:209,1
DA:214,1
DA:216,1
DA:217,1
DA:218,1
DA:219,1
DA:220,1
DA:221,1
DA:222,1
DA:223,1
DA:224,1
DA:225,1
DA:226,1
DA:227,1
DA:228,1
DA:230,1
DA:231,1
DA:232,1
DA:233,1
DA:235,1
DA:236,1
DA:237,1
DA:238,1
DA:239,1
DA:240,1
LF:137
LH:137
FN:22,33,TestLoadAddressesFromCsv.test_basic_load
FNDA:1,TestLoadAddressesFromCsv.test_basic_load
FN:35,44,TestLoadAddressesFromCsv.test_column_names_with_spaces
FNDA:1,TestLoadAddressesFromCsv.test_column_names_with_spaces
FN:46,54,TestLoadAddressesFromCsv.test_column_names_case_insensitive
FNDA:1,TestLoadAddressesFromCsv.test_column_names_case_insensitive
FN:56,64,TestLoadAddressesFromCsv.test_strips_whitespace
FNDA:1,TestLoadAddressesFromCsv.test_strips_whitespace
FN:66,70,TestLoadAddressesFromCsv.test_empty_csv
FNDA:1,TestLoadAddressesFromCsv.test_empty_csv
FN:72,80,TestLoadAddressesFromCsv.test_missing_column_raises_error
FNDA:1,TestLoadAddressesFromCsv.test_missing_column_raises_error
FN:86,90,TestBatchGeocodeAddresses._mock_client
FNDA:1,TestBatchGeocodeAddresses._mock_client
FN:92,111,TestBatchGeocodeAddresses._mock_address_response
FNDA:1,TestBatchGeocodeAddresses._mock_address_response
FN:113,128,TestBatchGeocodeAddresses.test_all_succeed
FNDA:1,TestBatchGeocodeAddresses.test_all_succeed
FN:130,148,TestBatchGeocodeAddresses.test_one_failure
FNDA:1,TestBatchGeocodeAddresses.test_one_failure
FN:150,158,TestBatchGeocodeAddresses.test_all_fail
FNDA:1,TestBatchGeocodeAddresses.test_all_fail
FN:160,164,TestBatchGeocodeAddresses.test_empty_list
FNDA:1,TestBatchGeocodeAddresses.test_empty_list
FN:166,176,TestBatchGeocodeAddresses.test_result_keys_consistent
FNDA:1,TestBatchGeocodeAddresses.test_result_keys_consistent
FN:182,194,TestSaveResultsToCsv.test_saves_correct_content
FNDA:1,TestSaveResultsToCsv.test_saves_correct_content
FN:196,200,TestSaveResultsToCsv.test_empty_results
FNDA:1,TestSaveResultsToCsv.test_empty_results
FN:206,240,TestGeocodeCsv.test_end_to_end
FNDA:1,TestGeocodeCsv.test_end_to_end
FNF:16
FNH:16
end_of_record
SF:tests\test_client.py
DA:3,1
DA:4,1
DA:5,1
DA:7,1
DA:8,1
DA:14,1
DA:24,1
DA:25,1
DA:27,1
DA:30,1
DA:33,1
DA:35,1
DA:36,1
DA:37,1
DA:38,1
DA:39,1
DA:41,1
DA:43,1
DA:44,1
DA:51,1
DA:52,1
DA:53,1
DA:54,1
DA:56,1
DA:58,1
DA:62,1
DA:64,1
DA:65,1
DA:68,1
DA:71,1
DA:73,1
DA:74,1
DA:75,1
DA:76,1
DA:77,1
DA:78,1
DA:79,1
DA:80,1
DA:82,1
DA:84,1
DA:85,1
DA:86,1
DA:87,1
DA:88,1
DA:90,1
DA:92,1
DA:93,1
DA:95,1
DA:96,1
DA:99,1
DA:102,1
DA:103,1
DA:106,1
DA:107,1
DA:108,1
DA:109,1
DA:114,1
DA:116,1
DA:117,1
DA:119,1
DA:120,1
DA:121,1
DA:124,1
DA:125,1
DA:126,1
DA:127,1
DA:129,1
DA:130,1
DA:132,1
DA:133,1
DA:134,1
DA:135,1
DA:136,1
DA:138,1
DA:140,1
DA:141,1
DA:143,1
DA:144,1
DA:146,1
DA:147,1
DA:149,1
DA:150,1
DA:151,1
DA:152,1
DA:153,1
DA:155,1
DA:157,1
DA:158,1
DA:160,1
DA:161,1
DA:163,1
DA:164,1
DA:166,1
DA:167,1
DA:168,1
DA:169,1
DA:170,1
DA:172,1
DA:174,1
DA:175,1
DA:177,1
DA:178,1
DA:180,1
DA:181,1
DA:183,1
DA:184,1
DA:185,1
DA:186,1
DA:191,1
DA:193,1
DA:195,1
DA:196,1
DA:198,1
DA:199,1
DA:200,1
DA:202,1
DA:203,1
DA:205,1
DA:206,1
DA:207,1
DA:208,1
DA:209,1
DA:211,1
DA:213,1
DA:214,1
DA:217,1
DA:220,1
DA:221,1
DA:223,1
DA:224,1
DA:226,1
DA:228,1
DA:229,1
DA:239,1
DA:240,1
DA:242,1
DA:243,1
DA:245,1
DA:247,1
DA:257,1
DA:259,1
DA:260,1
DA:262,1
DA:263,1
DA:266,1
DA:269,1
DA:270,1
DA:272,1
DA:273,1
DA:275,1
DA:277,1
DA:278,1
DA:288,1
DA:290,1
DA:291,1
DA:294,1
DA:297,1
DA:298,1
DA:300,1
DA:301,1
DA:303,1
DA:305,1
DA:306,1
DA:312,1
DA:314,1
DA:315,1
DA:318,1
DA:321,1
DA:322,1
DA:324,1
DA:325,1
DA:327,1
DA:329,1
DA:330,1
DA:336,1
DA:337,1
DA:339,1
DA:340,1
DA:342,1
DA:350,1
DA:358,1
DA:364,1
DA:366,1
DA:367,1
DA:369,1
DA:371,1
DA:372,1
DA:375,1
DA:378,1
DA:380,1
DA:381,1
DA:382,1
DA:384,1
DA:386,1
DA:387,1
DA:389,1
DA:390,1
DA:392,1
LF:198
LH:198
FN:25,27,client
FNDA:1,client
FN:33,39,TestGeoClientInit.test_init_basic
FNDA:1,TestGeoClientInit.test_init_basic
FN:41,54,TestGeoClientInit.test_init_custom_params
FNDA:1,TestGeoClientInit.test_init_custom_params
FN:56,60,TestGeoClientInit.test_init_missing_credentials
FNDA:1,TestGeoClientInit.test_init_missing_credentials
FN:62,65,TestGeoClientInit.test_init_base_url_normalization
FNDA:1,TestGeoClientInit.test_init_base_url_normalization
FN:71,80,TestGeoClientBoroughValidation.test_validate_borough_valid_names
FNDA:1,TestGeoClientBoroughValidation.test_validate_borough_valid_names
FN:82,88,TestGeoClientBoroughValidation.test_validate_borough_valid_codes
FNDA:1,TestGeoClientBoroughValidation.test_validate_borough_valid_codes
FN:90,96,TestGeoClientBoroughValidation.test_validate_borough_invalid
FNDA:1,TestGeoClientBoroughValidation.test_validate_borough_invalid
FN:103,127,TestGeoClientMakeRequest.test_successful_request
FNDA:1,TestGeoClientMakeRequest.test_successful_request
FN:130,144,TestGeoClientMakeRequest.test_http_error_401
FNDA:1,TestGeoClientMakeRequest.test_http_error_401
FN:147,161,TestGeoClientMakeRequest.test_http_error_403
FNDA:1,TestGeoClientMakeRequest.test_http_error_403
FN:164,178,TestGeoClientMakeRequest.test_http_error_400
FNDA:1,TestGeoClientMakeRequest.test_http_error_400
FN:181,200,TestGeoClientMakeRequest.test_geosupport_error
FNDA:1,TestGeoClientMakeRequest.test_geosupport_error
FN:203,214,TestGeoClientMakeRequest.test_invalid_json_response
FNDA:1,TestGeoClientMakeRequest.test_invalid_json_response
FN:221,237,TestGeoClientAddressEndpoint.test_address_basic
FNDA:1,TestGeoClientAddressEndpoint.test_address_basic
FN:240,255,TestGeoClientAddressEndpoint.test_address_with_zip
FNDA:1,TestGeoClientAddressEndpoint.test_address_with_zip
FN:257,263,TestGeoClientAddressEndpoint.test_address_missing_params
FNDA:1,TestGeoClientAddressEndpoint.test_address_missing_params
FN:270,286,TestGeoClientBBLEndpoint.test_bbl_basic
FNDA:1,TestGeoClientBBLEndpoint.test_bbl_basic
FN:288,291,TestGeoClientBBLEndpoint.test_bbl_missing_params
FNDA:1,TestGeoClientBBLEndpoint.test_bbl_missing_params
FN:298,310,TestGeoClientBINEndpoint.test_bin_basic
FNDA:1,TestGeoClientBINEndpoint.test_bin_basic
FN:312,315,TestGeoClientBINEndpoint.test_bin_missing_param
FNDA:1,TestGeoClientBINEndpoint.test_bin_missing_param
FN:322,334,TestGeoClientSearchEndpoint.test_search_basic
FNDA:1,TestGeoClientSearchEndpoint.test_search_basic
FN:337,362,TestGeoClientSearchEndpoint.test_search_with_options
FNDA:1,TestGeoClientSearchEndpoint.test_search_with_options
FN:364,367,TestGeoClientSearchEndpoint.test_search_missing_input
FNDA:1,TestGeoClientSearchEndpoint.test_search_missing_input
FN:369,372,TestGeoClientSearchEndpoint.test_search_invalid_max_level
FNDA:1,TestGeoClientSearchEndpoint.test_search_invalid_max_level
FN:378,384,TestGeoClientContextManager.test_context_manager
FNDA:1,TestGeoClientContextManager.test_context_manager
FN:387,392,TestGeoClientContextManager.test_close_method
FNDA:1,TestGeoClientContextManager.test_close_method
FNF:27
FNH:27
end_of_record
SF:tests\test_exceptions.py
DA:3,1
DA:4,1
DA:12,1
DA:15,1
DA:17,1
DA:18,1
DA:19,1
DA:20,1
DA:22,1
DA:24,1
DA:25,1
DA:26,1
DA:27,1
DA:30,1
DA:33,1
DA:35,1
DA:36,1
DA:37,1
DA:38,1
DA:40,1
DA:42,1
DA:43,1
DA:44,1
DA:46,1
DA:48,1
DA:49,1
DA:50,1
DA:53,1
DA:56,1
DA:58,1
DA:59,1
DA:60,1
DA:61,1
DA:64,1
DA:67,1
DA:69,1
DA:70,1
DA:71,1
DA:72,1
DA:74,1
DA:76,1
DA:77,1
DA:78,1
DA:80,1
DA:82,1
DA:83,1
DA:84,1
LF:47
LH:47
FN:15,20,TestGeoClientError.test_basic_error
FNDA:1,TestGeoClientError.test_basic_error
FN:22,27,TestGeoClientError.test_error_with_details
FNDA:1,TestGeoClientError.test_error_with_details
FN:33,38,TestGeoClientHTTPError.test_http_error_basic
FNDA:1,TestGeoClientHTTPError.test_http_error_basic
FN:40,44,TestGeoClientHTTPError.test_http_error_with_response_text
FNDA:1,TestGeoClientHTTPError.test_http_error_with_response_text
FN:46,50,TestGeoClientHTTPError.test_http_error_with_details
FNDA:1,TestGeoClientHTTPError.test_http_error_with_details
FN:56,61,TestGeoClientAuthError.test_auth_error
FNDA:1,TestGeoClientAuthError.test_auth_error
FN:67,72,TestGeoClientAPIError.test_api_error_basic
FNDA:1,TestGeoClientAPIError.test_api_error_basic
FN:74,78,TestGeoClientAPIError.test_api_error_with_codes
FNDA:1,TestGeoClientAPIError.test_api_error_with_codes
FN:80,84,TestGeoClientAPIError.test_api_error_with_details
FNDA:1,TestGeoClientAPIError.test_api_error_with_details
FNF:9
FNH:9
end_of_record
SF:tests\test_integration.py
DA:3,1
DA:4,1
DA:5,1
DA:6,1
DA:10,1
DA:16,1
DA:17,1
DA:19,1
DA:20,1
DA:23,1
DA:26,1
DA:28,1
DA:30,0
DA:32,0
DA:33,0
DA:34,0
DA:35,0
DA:36,0
DA:37,0
DA:39,1
DA:41,1
DA:43,0
DA:44,0
DA:45,0
DA:46,0
DA:48,1
DA:50,1
DA:52,0
DA:53,0
DA:54,0
DA:55,0
DA:57,0
DA:58,0
DA:60,1
DA:62,1
DA:63,1
DA:65,0
DA:66,0
DA:67,0
DA:68,0
DA:70,0
DA:71,0
DA:73,1
DA:75,1
DA:76,0
DA:79,0
DA:80,0
DA:83,0
DA:84,0
DA:85,0
DA:86,0
DA:87,0
DA:88,0
DA:91,0
DA:92,0
DA:94,0
DA:96,1
DA:98,1
DA:100,0
DA:101,0
DA:102,0
DA:105,0
DA:106,0
DA:107,0
DA:108,0
DA:111,0
DA:112,0
DA:113,0
DA:114,0
DA:115,0
DA:118,0
DA:120,0
DA:124,0
DA:125,0
DA:126,0
DA:128,1
DA:130,1
DA:133,0
DA:136,0
DA:137,0
DA:138,0
DA:139,0
DA:140,0
DA:141,0
DA:142,0
DA:145,0
DA:146,0
DA:149,1
DA:158,1
DA:160,0
DA:161,0
DA:162,0
DA:163,0
DA:164,0
DA:165,0
DA:166,0
DA:167,0
DA:168,0
DA:169,0
DA:171,1
DA:173,1
DA:175,0
DA:176,0
DA:179,0
DA:180,0
DA:181,0
DA:182,0
DA:183,0
DA:185,0
DA:186,0
DA:187,0
DA:189,1
DA:191,1
DA:193,0
DA:194,0
DA:196,1
DA:198,1
DA:205,0
DA:206,0
DA:210,1
DA:213,1
DA:214,0
DA:215,0
DA:218,0
DA:219,0
DA:220,0
DA:223,1
DA:226,1
DA:229,1
DA:230,1
DA:231,1
DA:233,1
DA:235,1
DA:236,1
DA:238,1
DA:240,1
DA:241,1
DA:244,1
DA:247,1
DA:249,1
DA:251,1
DA:252,1
DA:253,0
LF:143
LH:51
FN:17,20,client
FNDA:1,client
FN:26,37,TestRealAPIIntegration.test_address_geocoding
FNDA:1,TestRealAPIIntegration.test_address_geocoding
FN:39,46,TestRealAPIIntegration.test_address_with_zip
FNDA:1,TestRealAPIIntegration.test_address_with_zip
FN:48,58,TestRealAPIIntegration.test_bbl_lookup
FNDA:1,TestRealAPIIntegration.test_bbl_lookup
FN:60,71,TestRealAPIIntegration.test_bin_lookup
FNDA:1,TestRealAPIIntegration.test_bin_lookup
FN:73,94,TestRealAPIIntegration.test_lookup_by_intersection
FNDA:1,TestRealAPIIntegration.test_lookup_by_intersection
FN:96,126,TestRealAPIIntegration.test_get_cross_streets_from_address
FNDA:1,TestRealAPIIntegration.test_get_cross_streets_from_address
FN:128,146,TestRealAPIIntegration.test_blockface_lookup
FNDA:1,TestRealAPIIntegration.test_blockface_lookup
FN:149,169,TestRealAPIIntegration.test_place_lookup
FNDA:1,TestRealAPIIntegration.test_place_lookup
FN:171,187,TestRealAPIIntegration.test_search_address
FNDA:1,TestRealAPIIntegration.test_search_address
FN:189,194,TestRealAPIIntegration.test_search_intersection
FNDA:1,TestRealAPIIntegration.test_search_intersection
FN:196,206,TestRealAPIIntegration.test_search_with_options
FNDA:1,TestRealAPIIntegration.test_search_with_options
FN:210,220,TestRealAPIIntegration.test_search_various_inputs
FNDA:1,TestRealAPIIntegration.test_search_various_inputs
FN:226,231,TestErrorHandling.test_invalid_credentials
FNDA:1,TestErrorHandling.test_invalid_credentials
FN:233,236,TestErrorHandling.test_invalid_address
FNDA:1,TestErrorHandling.test_invalid_address
FN:238,241,TestErrorHandling.test_invalid_bbl
FNDA:1,TestErrorHandling.test_invalid_bbl
FN:247,253,TestContextManager.test_context_manager_usage
FNDA:1,TestContextManager.test_context_manager_usage
FNF:17
FNH:17
end_of_record
SF:tests\test_models.py
DA:3,1
DA:4,1
DA:19,1
DA:22,1
DA:24,1
DA:25,1
DA:26,1
DA:27,1
DA:28,1
DA:29,1
DA:30,1
DA:32,1
DA:34,1
DA:35,1
DA:36,1
DA:37,1
DA:38,1
DA:39,1
DA:40,1
DA:43,1
DA:46,1
DA:48,1
DA:49,1
DA:50,1
DA:51,1
DA:52,1
DA:54,1
DA:56,1
DA:61,1
DA:62,1
DA:63,1
DA:66,1
DA:69,1
DA:71,1
DA:84,1
DA:86,1
DA:87,1
DA:88,1
DA:89,1
DA:90,1
DA:91,1
DA:92,1
DA:93,1
DA:94,1
DA:95,1
DA:96,1
DA:98,1
DA:100,1
DA:108,1
DA:110,1
DA:111,1
DA:112,1
DA:114,1
DA:116,1
DA:118,1
DA:120,1
DA:121,1
DA:122,1
DA:125,1
DA:128,1
DA:130,1
DA:143,1
DA:145,1
DA:146,1
DA:147,1
DA:148,1
DA:149,1
DA:150,1
DA:151,1
DA:152,1
DA:153,1
DA:156,1
DA:159,1
DA:161,1
DA:173,1
DA:175,1
DA:176,1
DA:177,1
DA:178,1
DA:179,1
DA:180,1
DA:183,1
DA:186,1
DA:188,1
DA:200,1
DA:202,1
DA:203,1
DA:204,1
DA:205,1
DA:206,1
DA:207,1
DA:210,1
DA:213,1
DA:215,1
DA:224,1
DA:226,1
DA:227,1
DA:228,1
DA:229,1
DA:230,1
DA:233,1
DA:236,1
DA:241,1
DA:254,1
DA:256,1
DA:257,1
DA:258,1
DA:259,1
DA:260,1
DA:261,1
DA:264,1
DA:267,1
DA:269,1
DA:276,1
DA:278,1
DA:279,1
DA:280,1
DA:281,1
DA:284,1
DA:287,1
DA:289,1
DA:303,1
DA:305,1
DA:306,1
DA:307,1
DA:308,1
DA:309,1
DA:311,1
DA:313,1
DA:318,1
DA:320,1
DA:321,1
DA:322,1
LF:133
LH:133
FN:22,30,TestSafeConversions.test_safe_float
FNDA:1,TestSafeConversions.test_safe_float
FN:32,40,TestSafeConversions.test_safe_int
FNDA:1,TestSafeConversions.test_safe_int
FN:46,52,TestGeosupportInfo.test_default_creation
FNDA:1,TestGeosupportInfo.test_default_creation
FN:54,63,TestGeosupportInfo.test_creation_with_values
FNDA:1,TestGeosupportInfo.test_creation_with_values
FN:69,96,TestAddressResponse.test_from_dict_basic
FNDA:1,TestAddressResponse.test_from_dict_basic
FN:98,112,TestAddressResponse.test_from_dict_with_function_1b_codes
FNDA:1,TestAddressResponse.test_from_dict_with_function_1b_codes
FN:114,122,TestAddressResponse.test_from_dict_missing_fields
FNDA:1,TestAddressResponse.test_from_dict_missing_fields
FN:128,153,TestBBLResponse.test_from_dict_basic
FNDA:1,TestBBLResponse.test_from_dict_basic
FN:159,180,TestBINResponse.test_from_dict_basic
FNDA:1,TestBINResponse.test_from_dict_basic
FN:186,207,TestBlockfaceResponse.test_from_dict_basic
FNDA:1,TestBlockfaceResponse.test_from_dict_basic
FN:213,230,TestIntersectionResponse.test_from_dict_basic
FNDA:1,TestIntersectionResponse.test_from_dict_basic
FN:236,261,TestPlaceResponse.test_from_dict_basic
FNDA:1,TestPlaceResponse.test_from_dict_basic
FN:267,281,TestSearchResult.test_from_dict_basic
FNDA:1,TestSearchResult.test_from_dict_basic
FN:287,309,TestSearchResponse.test_from_dict_basic
FNDA:1,TestSearchResponse.test_from_dict_basic
FN:311,322,TestSearchResponse.test_from_dict_no_results
FNDA:1,TestSearchResponse.test_from_dict_no_results
FNF:15
FNH:15
end_of_record
